#
# A fatal error has been detected by the Java Runtime Environment:
#
#  SIGSEGV (0xb) at pc=0x0135ff5f, pid=21282, tid=2432981872
#
# JRE version: 6.0_20-b20
# Java VM: OpenJDK Client VM (19.0-b09 mixed mode linux-x86 )
# Derivative: IcedTea6 1.9.7
# Distribution: Ubuntu 10.10, package 6b20-1.9.7-0ubuntu1
# Problematic frame:
# V  [libjvm.so+0x3d3f5f]
#
# If you would like to submit a bug report, please include
# instructions how to reproduce the bug and visit:
#   https://bugs.launchpad.net/ubuntu/+source/openjdk-6/
#

---------------  T H R E A D  ---------------

Current thread (0x088f1c00):  JavaThread "JDWP Transport Listener: dt_socket" daemon [_thread_in_vm, id=21295, stack(0x90ff5000,0x91046000)]

siginfo:si_signo=SIGSEGV: si_errno=0, si_code=1 (SEGV_MAPERR), si_addr=0x0000000c

Registers:
EAX=0x00000000, EBX=0x013f5ff4, ECX=0x00000030, EDX=0x00000000
ESP=0x91044c10, EBP=0x91044c18, ESI=0x00000030, EDI=0x0000000c
EIP=0x0135ff5f, CR2=0x0000000c, EFLAGS=0x00210246

Register to memory mapping:

EAX=0x00000000
0x00000000 is pointing to unknown location

EBX=0x013f5ff4
0x013f5ff4: <offset 0x469ff4> in /usr/lib/jvm/java-6-openjdk/jre/lib/i386/client/libjvm.so at 0x00f8c000

ECX=0x00000030
0x00000030 is pointing to unknown location

EDX=0x00000000
0x00000000 is pointing to unknown location

ESP=0x91044c10
0x91044c10 is pointing into the stack for thread: 0x088f1c00
"JDWP Transport Listener: dt_socket" daemon prio=10 tid=0x088f1c00 nid=0x532f runnable [0x00000000]
   java.lang.Thread.State: RUNNABLE

EBP=0x91044c18
0x91044c18 is pointing into the stack for thread: 0x088f1c00
"JDWP Transport Listener: dt_socket" daemon prio=10 tid=0x088f1c00 nid=0x532f runnable [0x00000000]
   java.lang.Thread.State: RUNNABLE

ESI=0x00000030
0x00000030 is pointing to unknown location

EDI=0x0000000c
0x0000000c is pointing to unknown location


Top of Stack: (sp=0x91044c10)
0x91044c10:   0000000c 088f15e8 91044c68 01360062
0x91044c20:   0000000c 00000030 91044c98 013f5ff4
0x91044c30:   088f1c00 91044c6c 91044c98 011b156f
0x91044c40:   91044c7c 088f1c00 0140c5e0 0140c5e0
0x91044c50:   91044c7c 00000000 0140c5e0 013f5ff4
0x91044c60:   00000000 088f15e8 91044c88 01198a28
0x91044c70:   0000000c 00000030 00000000 00000000
0x91044c80:   013f5ff4 088f1c00 91044cf8 011a8f58 

Instructions: (pc=0x0135ff5f)
0x0135ff4f:   7e 2b 31 d2 eb 0a 8d 76 00 40 42 3b 55 0c 74 1d
0x0135ff5f:   66 8b 0c 57 8d 71 ff 66 83 fe 7e 76 ec 66 81 f9 

Stack: [0x90ff5000,0x91046000],  sp=0x91044c10,  free space=319k
Native frames: (J=compiled Java code, j=interpreted, Vv=VM code, C=native code)
V  [libjvm.so+0x3d3f5f]
V  [libjvm.so+0x3d4062]
V  [libjvm.so+0x20ca28]
V  [libjvm.so+0x21cf58]
C  [libjdwp.so+0x91f0]
C  [libjdwp.so+0x1241f]
C  [libjdwp.so+0x25faf]
C  [libjdwp.so+0x25ff0]
V  [libjvm.so+0x2951b4]
V  [libjvm.so+0x29529c]
V  [libjvm.so+0x3bb28c]
V  [libjvm.so+0x3bb352]
V  [libjvm.so+0x310f31]
C  [libpthread.so.0+0x5cc9]


---------------  P R O C E S S  ---------------

Java Threads: ( => current thread )
  0x08a4c000 JavaThread "Java2D Disposer" daemon [_thread_blocked, id=21326, stack(0x9080d000,0x9085e000)]
  0x08942c00 JavaThread "Code server for oda from Mozilla/5.0 (X11; U; Linux i686; en-US) AppleWebKit/534.16 (KHTML, like Gecko) Ubuntu/10.10 Chromium/10.0.648.127 Chrome/10.0.648.127 Safari/534.16 on http://127.0.0.1:8888/ODA.html?gwt.codesvr=127.0.0.1:9997 @ rNYrCNFOjZOE5QMG" daemon [_thread_in_native, id=21322, stack(0x9055e000,0x905af000)]
  0x08b7ac00 JavaThread "btpool0-2" [_thread_blocked, id=21321, stack(0x905af000,0x90600000)]
  0x909bd800 JavaThread "Timer-1" daemon [_thread_blocked, id=21318, stack(0x9071b000,0x9076c000)]
  0x909b1c00 JavaThread "btpool0-1 - Acceptor0 SelectChannelConnector@127.0.0.1:8888" [_thread_in_native, id=21317, stack(0x907bc000,0x9080d000)]
  0x9093c800 JavaThread "GC Daemon" daemon [_thread_blocked, id=21315, stack(0x90abb000,0x90b0c000)]
  0x90905400 JavaThread "com.google.gwt.thirdparty.guava.common.base.internal.Finalizer" daemon [_thread_blocked, id=21313, stack(0x9085e000,0x908af000)]
  0x089b3800 JavaThread "Code server listener" daemon [_thread_in_native, id=21312, stack(0x908af000,0x90900000)]
  0x089b3000 JavaThread "Timer-0" daemon [_thread_blocked, id=21311, stack(0x90a0e000,0x90a5f000)]
  0x089dd400 JavaThread "Thread-1" daemon [_thread_blocked, id=21308, stack(0x90b0c000,0x90b5d000)]
  0x089ee400 JavaThread "Thread-0" [_thread_in_native, id=21307, stack(0x90b5d000,0x90bae000)]
  0x08904800 JavaThread "Low Memory Detector" daemon [_thread_blocked, id=21303, stack(0x90e81000,0x90ed2000)]
  0x08903000 JavaThread "CompilerThread0" daemon [_thread_blocked, id=21302, stack(0x90ed2000,0x90f53000)]
  0x088f6000 JavaThread "JDWP Command Reader" daemon [_thread_in_native, id=21299, stack(0x90f53000,0x90fa4000)]
  0x088f4400 JavaThread "JDWP Event Helper Thread" daemon [_thread_blocked, id=21297, stack(0x90fa4000,0x90ff5000)]
=>0x088f1c00 JavaThread "JDWP Transport Listener: dt_socket" daemon [_thread_in_vm, id=21295, stack(0x90ff5000,0x91046000)]
  0x088ea000 JavaThread "Signal Dispatcher" daemon [_thread_blocked, id=21293, stack(0x91046000,0x91097000)]
  0x088d7c00 JavaThread "Finalizer" daemon [_thread_blocked, id=21292, stack(0x91097000,0x910e8000)]
  0x088d6400 JavaThread "Reference Handler" daemon [_thread_blocked, id=21291, stack(0x910e8000,0x91139000)]
  0x0887fc00 JavaThread "main" [_thread_blocked, id=21288, stack(0xb77fb000,0xb784c000)]

Other Threads:
  0x088d2400 VMThread [stack: 0x91139000,0x911ba000] [id=21290]
  0x08908800 WatcherThread [stack: 0x90e00000,0x90e81000] [id=21304]

VM state:not at safepoint (normal execution)

VM Mutex/Monitor currently owned by a thread: None

Heap
 def new generation   total 37248K, used 25388K [0x91570000, 0x93dd0000, 0x9c010000)
  eden space 33152K,  73% used [0x91570000, 0x92d633a0, 0x935d0000)
  from space 4096K,  21% used [0x939d0000, 0x93aa7c80, 0x93dd0000)
  to   space 4096K,   0% used [0x935d0000, 0x935d0000, 0x939d0000)
 tenured generation   total 82636K, used 31465K [0x9c010000, 0xa10c3000, 0xb1570000)
   the space 82636K,  38% used [0x9c010000, 0x9deca4e8, 0x9deca600, 0xa10c3000)
 compacting perm gen  total 23296K, used 23173K [0xb1570000, 0xb2c30000, 0xb5570000)
   the space 23296K,  99% used [0xb1570000, 0xb2c11500, 0xb2c11600, 0xb2c30000)
No shared spaces configured.

Dynamic libraries:
00110000-00113000 r-xp 00000000 08:01 306328     /usr/lib/jvm/java-6-openjdk/jre/lib/i386/libnpt.so
00113000-00114000 r--p 00002000 08:01 306328     /usr/lib/jvm/java-6-openjdk/jre/lib/i386/libnpt.so
00114000-00115000 rw-p 00003000 08:01 306328     /usr/lib/jvm/java-6-openjdk/jre/lib/i386/libnpt.so
00115000-00118000 r-xp 00000000 08:01 267813     /usr/lib/libplc4.so
00118000-00119000 r--p 00002000 08:01 267813     /usr/lib/libplc4.so
00119000-0011a000 rw-p 00003000 08:01 267813     /usr/lib/libplc4.so
0011e000-0013a000 r-xp 00000000 08:01 145465     /lib/ld-2.12.1.so
0013a000-0013b000 r--p 0001b000 08:01 145465     /lib/ld-2.12.1.so
0013b000-0013c000 rw-p 0001c000 08:01 145465     /lib/ld-2.12.1.so
0013c000-00293000 r-xp 00000000 08:01 153835     /lib/libc-2.12.1.so
00293000-00295000 r--p 00157000 08:01 153835     /lib/libc-2.12.1.so
00295000-00296000 rw-p 00159000 08:01 153835     /lib/libc-2.12.1.so
00296000-00299000 rw-p 00000000 00:00 0 
00299000-002cf000 r-xp 00000000 08:01 306363     /usr/lib/jvm/java-6-openjdk/jre/lib/i386/libjdwp.so
002cf000-002d0000 r--p 00035000 08:01 306363     /usr/lib/jvm/java-6-openjdk/jre/lib/i386/libjdwp.so
002d0000-002d1000 rw-p 00036000 08:01 306363     /usr/lib/jvm/java-6-openjdk/jre/lib/i386/libjdwp.so
002d1000-00353000 r-xp 00000000 08:01 306332     /usr/lib/jvm/java-6-openjdk/jre/lib/i386/libawt.so
00353000-00354000 r--p 00081000 08:01 306332     /usr/lib/jvm/java-6-openjdk/jre/lib/i386/libawt.so
00354000-0035a000 rw-p 00082000 08:01 306332     /usr/lib/jvm/java-6-openjdk/jre/lib/i386/libawt.so
0035a000-0037f000 rw-p 00000000 00:00 0 
0037f000-003c2000 r-xp 00000000 08:01 306697     /usr/lib/jvm/java-6-openjdk/jre/lib/i386/xawt/libmawt.so
003c2000-003c3000 r--p 00042000 08:01 306697     /usr/lib/jvm/java-6-openjdk/jre/lib/i386/xawt/libmawt.so
003c3000-003c5000 rw-p 00043000 08:01 306697     /usr/lib/jvm/java-6-openjdk/jre/lib/i386/xawt/libmawt.so
003c5000-003c6000 rw-p 00000000 00:00 0 
003c6000-003f3000 r-xp 00000000 08:01 306351     /usr/lib/jvm/java-6-openjdk/jre/lib/i386/liblcms.so
003f3000-003f4000 r--p 0002c000 08:01 306351     /usr/lib/jvm/java-6-openjdk/jre/lib/i386/liblcms.so
003f4000-003f5000 rw-p 0002d000 08:01 306351     /usr/lib/jvm/java-6-openjdk/jre/lib/i386/liblcms.so
003f5000-003f7000 rw-p 00000000 00:00 0 
003f7000-0040b000 r-xp 00000000 08:01 269012     /usr/lib/libnssutil3.so
0040b000-0040c000 ---p 00014000 08:01 269012     /usr/lib/libnssutil3.so
0040c000-0040f000 r--p 00014000 08:01 269012     /usr/lib/libnssutil3.so
0040f000-00410000 rw-p 00017000 08:01 269012     /usr/lib/libnssutil3.so
00410000-00417000 r-xp 00000000 08:01 306333     /usr/lib/jvm/java-6-openjdk/jre/lib/i386/libnio.so
00417000-00418000 r--p 00006000 08:01 306333     /usr/lib/jvm/java-6-openjdk/jre/lib/i386/libnio.so
00418000-00419000 rw-p 00007000 08:01 306333     /usr/lib/jvm/java-6-openjdk/jre/lib/i386/libnio.so
00440000-00448000 r-xp 00000000 08:01 267121     /usr/lib/libXrender.so.1.3.0
00448000-00449000 r--p 00007000 08:01 267121     /usr/lib/libXrender.so.1.3.0
00449000-0044a000 rw-p 00008000 08:01 267121     /usr/lib/libXrender.so.1.3.0
0044a000-0047a000 r-xp 00000000 08:01 267754     /usr/lib/libnspr4.so
0047a000-0047b000 r--p 0002f000 08:01 267754     /usr/lib/libnspr4.so
0047b000-0047c000 rw-p 00030000 08:01 267754     /usr/lib/libnspr4.so
0047c000-0047e000 rw-p 00000000 00:00 0 
0047e000-004b3000 r-xp 00000000 08:01 269003     /usr/lib/nss/libsoftokn3.so
004b3000-004b4000 r--p 00035000 08:01 269003     /usr/lib/nss/libsoftokn3.so
004b4000-004b5000 rw-p 00036000 08:01 269003     /usr/lib/nss/libsoftokn3.so
004c0000-004c6000 r-xp 00000000 08:01 306350     /usr/lib/jvm/java-6-openjdk/jre/lib/i386/native_threads/libhpi.so
004c6000-004c7000 r--p 00005000 08:01 306350     /usr/lib/jvm/java-6-openjdk/jre/lib/i386/native_threads/libhpi.so
004c7000-004c8000 rw-p 00006000 08:01 306350     /usr/lib/jvm/java-6-openjdk/jre/lib/i386/native_threads/libhpi.so
004ca000-004d1000 r-xp 00000000 08:01 154117     /lib/librt-2.12.1.so
004d1000-004d2000 r--p 00006000 08:01 154117     /lib/librt-2.12.1.so
004d2000-004d3000 rw-p 00007000 08:01 154117     /lib/librt-2.12.1.so
004e3000-004f3000 r-xp 00000000 08:01 152835     /lib/libresolv-2.12.1.so
004f3000-004f4000 r--p 00010000 08:01 152835     /lib/libresolv-2.12.1.so
004f4000-004f5000 rw-p 00011000 08:01 152835     /lib/libresolv-2.12.1.so
004f5000-004f7000 rw-p 00000000 00:00 0 
00524000-0053c000 r-xp 00000000 08:01 268048     /usr/lib/libxcb.so.1.1.0
0053c000-0053d000 r--p 00017000 08:01 268048     /usr/lib/libxcb.so.1.1.0
0053d000-0053e000 rw-p 00018000 08:01 268048     /usr/lib/libxcb.so.1.1.0
00583000-00596000 r-xp 00000000 08:01 153843     /lib/libnsl-2.12.1.so
00596000-00597000 r--p 00012000 08:01 153843     /lib/libnsl-2.12.1.so
00597000-00598000 rw-p 00013000 08:01 153843     /lib/libnsl-2.12.1.so
00598000-0059a000 rw-p 00000000 00:00 0 
005e3000-005e7000 r-xp 00000000 08:01 267097     /usr/lib/libXdmcp.so.6.0.0
005e7000-005e8000 r--p 00003000 08:01 267097     /usr/lib/libXdmcp.so.6.0.0
005e8000-005e9000 rw-p 00004000 08:01 267097     /usr/lib/libXdmcp.so.6.0.0
00605000-00613000 r-xp 00000000 08:01 267099     /usr/lib/libXext.so.6.4.0
00613000-00614000 r--p 0000d000 08:01 267099     /usr/lib/libXext.so.6.4.0
00614000-00615000 rw-p 0000e000 08:01 267099     /usr/lib/libXext.so.6.4.0
00615000-00618000 r-xp 00000000 08:01 306362     /usr/lib/jvm/java-6-openjdk/jre/lib/i386/libdt_socket.so
00618000-00619000 r--p 00002000 08:01 306362     /usr/lib/jvm/java-6-openjdk/jre/lib/i386/libdt_socket.so
00619000-0061a000 rw-p 00003000 08:01 306362     /usr/lib/jvm/java-6-openjdk/jre/lib/i386/libdt_socket.so
0061a000-00661000 r-xp 00000000 08:01 267320     /usr/lib/nss/libfreebl3.so
00661000-00662000 r--p 00047000 08:01 267320     /usr/lib/nss/libfreebl3.so
00662000-00663000 rw-p 00048000 08:01 267320     /usr/lib/nss/libfreebl3.so
00663000-00667000 rw-p 00000000 00:00 0 
00689000-0068b000 r-xp 00000000 08:01 130939     /lib/libnss_mdns4_minimal.so.2
0068b000-0068c000 r--p 00001000 08:01 130939     /lib/libnss_mdns4_minimal.so.2
0068c000-0068d000 rw-p 00002000 08:01 130939     /lib/libnss_mdns4_minimal.so.2
00690000-00692000 r-xp 00000000 08:01 267086     /usr/lib/libXau.so.6.0.0
00692000-00693000 r--p 00001000 08:01 267086     /usr/lib/libXau.so.6.0.0
00693000-00694000 rw-p 00002000 08:01 267086     /usr/lib/libXau.so.6.0.0
00694000-006d8000 r-xp 00000000 08:01 306367     /usr/lib/jvm/java-6-openjdk/jre/lib/i386/libfontmanager.so
006d8000-006da000 r--p 00043000 08:01 306367     /usr/lib/jvm/java-6-openjdk/jre/lib/i386/libfontmanager.so
006da000-006db000 rw-p 00045000 08:01 306367     /usr/lib/jvm/java-6-openjdk/jre/lib/i386/libfontmanager.so
006db000-006e0000 rw-p 00000000 00:00 0 
006f1000-0070b000 r-xp 00000000 08:01 130901     /lib/libgcc_s.so.1
0070b000-0070c000 r--p 00019000 08:01 130901     /lib/libgcc_s.so.1
0070c000-0070d000 rw-p 0001a000 08:01 130901     /lib/libgcc_s.so.1
0071e000-00727000 r-xp 00000000 08:01 154082     /lib/libnss_nis-2.12.1.so
00727000-00728000 r--p 00008000 08:01 154082     /lib/libnss_nis-2.12.1.so
00728000-00729000 rw-p 00009000 08:01 154082     /lib/libnss_nis-2.12.1.so
00737000-00744000 r-xp 00000000 08:01 306330     /usr/lib/jvm/java-6-openjdk/jre/lib/i386/libj2pkcs11.so
00744000-00745000 r--p 0000c000 08:01 306330     /usr/lib/jvm/java-6-openjdk/jre/lib/i386/libj2pkcs11.so
00745000-00746000 rw-p 0000d000 08:01 306330     /usr/lib/jvm/java-6-openjdk/jre/lib/i386/libj2pkcs11.so
007b4000-007d8000 r-xp 00000000 08:01 153841     /lib/libm-2.12.1.so
007d8000-007d9000 r--p 00023000 08:01 153841     /lib/libm-2.12.1.so
007d9000-007da000 rw-p 00024000 08:01 153841     /lib/libm-2.12.1.so
007e8000-007f2000 r-xp 00000000 08:01 154080     /lib/libnss_files-2.12.1.so
007f2000-007f3000 r--p 00009000 08:01 154080     /lib/libnss_files-2.12.1.so
007f3000-007f4000 rw-p 0000a000 08:01 154080     /lib/libnss_files-2.12.1.so
00813000-00817000 r-xp 00000000 08:01 154076     /lib/libnss_dns-2.12.1.so
00817000-00818000 r--p 00004000 08:01 154076     /lib/libnss_dns-2.12.1.so
00818000-00819000 rw-p 00005000 08:01 154076     /lib/libnss_dns-2.12.1.so
00860000-00874000 r-xp 00000000 08:01 306365     /usr/lib/jvm/java-6-openjdk/jre/lib/i386/libnet.so
00874000-00875000 r--p 00013000 08:01 306365     /usr/lib/jvm/java-6-openjdk/jre/lib/i386/libnet.so
00875000-00876000 rw-p 00014000 08:01 306365     /usr/lib/jvm/java-6-openjdk/jre/lib/i386/libnet.so
00876000-008e8000 r-xp 00000000 08:01 264493     /usr/lib/libfreetype.so.6.6.0
008e8000-008ec000 r--p 00071000 08:01 264493     /usr/lib/libfreetype.so.6.6.0
008ec000-008ed000 rw-p 00075000 08:01 264493     /usr/lib/libfreetype.so.6.6.0
00975000-00980000 r-xp 00000000 08:01 306357     /usr/lib/jvm/java-6-openjdk/jre/lib/i386/libverify.so
00980000-00981000 ---p 0000b000 08:01 306357     /usr/lib/jvm/java-6-openjdk/jre/lib/i386/libverify.so
00981000-00982000 r--p 0000b000 08:01 306357     /usr/lib/jvm/java-6-openjdk/jre/lib/i386/libverify.so
00982000-00983000 rw-p 0000c000 08:01 306357     /usr/lib/jvm/java-6-openjdk/jre/lib/i386/libverify.so
00986000-0098c000 r-xp 00000000 08:01 306334     /usr/lib/jvm/java-6-openjdk/jre/lib/i386/libzip.so
0098c000-0098d000 r--p 00005000 08:01 306334     /usr/lib/jvm/java-6-openjdk/jre/lib/i386/libzip.so
0098d000-0098e000 rw-p 00006000 08:01 306334     /usr/lib/jvm/java-6-openjdk/jre/lib/i386/libzip.so
009b5000-009b9000 r-xp 00000000 08:01 267127     /usr/lib/libXtst.so.6.1.0
009b9000-009ba000 r--p 00003000 08:01 267127     /usr/lib/libXtst.so.6.1.0
009ba000-009bb000 rw-p 00004000 08:01 267127     /usr/lib/libXtst.so.6.1.0
009be000-009c4000 r-xp 00000000 08:01 153931     /lib/libnss_compat-2.12.1.so
009c4000-009c5000 r--p 00006000 08:01 153931     /lib/libnss_compat-2.12.1.so
009c5000-009c6000 rw-p 00007000 08:01 153931     /lib/libnss_compat-2.12.1.so
009de000-009e1000 r-xp 00000000 08:01 306338     /usr/lib/jvm/java-6-openjdk/jre/lib/i386/jli/libjli.so
009e1000-009e2000 r--p 00002000 08:01 306338     /usr/lib/jvm/java-6-openjdk/jre/lib/i386/jli/libjli.so
009e2000-009e3000 rw-p 00003000 08:01 306338     /usr/lib/jvm/java-6-openjdk/jre/lib/i386/jli/libjli.so
00a17000-00a19000 r-xp 00000000 08:01 153840     /lib/libdl-2.12.1.so
00a19000-00a1a000 r--p 00001000 08:01 153840     /lib/libdl-2.12.1.so
00a1a000-00a1b000 rw-p 00002000 08:01 153840     /lib/libdl-2.12.1.so
00a1b000-00b34000 r-xp 00000000 08:01 267082     /usr/lib/libX11.so.6.3.0
00b34000-00b35000 r--p 00118000 08:01 267082     /usr/lib/libX11.so.6.3.0
00b35000-00b37000 rw-p 00119000 08:01 267082     /usr/lib/libX11.so.6.3.0
00b37000-00b38000 rw-p 00000000 00:00 0 
00b55000-00bdd000 r-xp 00000000 08:01 263244     /usr/lib/libsqlite3.so.0.8.6
00bdd000-00bde000 r--p 00088000 08:01 263244     /usr/lib/libsqlite3.so.0.8.6
00bde000-00bdf000 rw-p 00089000 08:01 263244     /usr/lib/libsqlite3.so.0.8.6
00c25000-00c26000 r-xp 00000000 00:00 0          [vdso]
00cf6000-00d18000 r-xp 00000000 08:01 306329     /usr/lib/jvm/java-6-openjdk/jre/lib/i386/libjava.so
00d18000-00d19000 r--p 00021000 08:01 306329     /usr/lib/jvm/java-6-openjdk/jre/lib/i386/libjava.so
00d19000-00d1b000 rw-p 00022000 08:01 306329     /usr/lib/jvm/java-6-openjdk/jre/lib/i386/libjava.so
00d5f000-00d72000 r-xp 00000000 08:01 131016     /lib/libz.so.1.2.3.4
00d72000-00d73000 r--p 00012000 08:01 131016     /lib/libz.so.1.2.3.4
00d73000-00d74000 rw-p 00013000 08:01 131016     /lib/libz.so.1.2.3.4
00de8000-00dea000 r-xp 00000000 08:01 267815     /usr/lib/libplds4.so
00dea000-00deb000 r--p 00001000 08:01 267815     /usr/lib/libplds4.so
00deb000-00dec000 rw-p 00002000 08:01 267815     /usr/lib/libplds4.so
00e3c000-00e48000 r-xp 00000000 08:01 267107     /usr/lib/libXi.so.6.1.0
00e48000-00e49000 r--p 0000b000 08:01 267107     /usr/lib/libXi.so.6.1.0
00e49000-00e4a000 rw-p 0000c000 08:01 267107     /usr/lib/libXi.so.6.1.0
00ee2000-00eeb000 r-xp 00000000 08:01 306340     /usr/lib/jvm/java-6-openjdk/jre/lib/i386/libjpeg.so
00eeb000-00eec000 r--p 00008000 08:01 306340     /usr/lib/jvm/java-6-openjdk/jre/lib/i386/libjpeg.so
00eec000-00eed000 rw-p 00009000 08:01 306340     /usr/lib/jvm/java-6-openjdk/jre/lib/i386/libjpeg.so
00f72000-00f87000 r-xp 00000000 08:01 154085     /lib/libpthread-2.12.1.so
00f87000-00f88000 ---p 00015000 08:01 154085     /lib/libpthread-2.12.1.so
00f88000-00f89000 r--p 00015000 08:01 154085     /lib/libpthread-2.12.1.so
00f89000-00f8a000 rw-p 00016000 08:01 154085     /lib/libpthread-2.12.1.so
00f8a000-00f8c000 rw-p 00000000 00:00 0 
00f8c000-013df000 r-xp 00000000 08:01 306345     /usr/lib/jvm/java-6-openjdk/jre/lib/i386/client/libjvm.so
013df000-013f6000 r--p 00453000 08:01 306345     /usr/lib/jvm/java-6-openjdk/jre/lib/i386/client/libjvm.so
013f6000-01403000 rw-p 0046a000 08:01 306345     /usr/lib/jvm/java-6-openjdk/jre/lib/i386/client/libjvm.so
01403000-0181f000 rw-p 00000000 00:00 0 
0520e000-0531a000 r-xp 00000000 08:01 269013     /usr/lib/libnss3.so
0531a000-0531d000 r--p 0010b000 08:01 269013     /usr/lib/libnss3.so
0531d000-0531f000 rw-p 0010e000 08:01 269013     /usr/lib/libnss3.so
08048000-08051000 r-xp 00000000 08:01 306298     /usr/lib/jvm/java-6-openjdk/jre/bin/java
08051000-08052000 r--p 00008000 08:01 306298     /usr/lib/jvm/java-6-openjdk/jre/bin/java
08052000-08053000 rw-p 00009000 08:01 306298     /usr/lib/jvm/java-6-openjdk/jre/bin/java
08878000-08c4b000 rw-p 00000000 00:00 0          [heap]
8fe00000-8fe6c000 rw-p 00000000 00:00 0 
8fe6c000-8ff00000 ---p 00000000 00:00 0 
90000000-901dc000 rw-p 00000000 00:00 0 
901dc000-90200000 ---p 00000000 00:00 0 
90200000-902f5000 rw-p 00000000 00:00 0 
902f5000-90300000 ---p 00000000 00:00 0 
90300000-903fc000 rw-p 00000000 00:00 0 
903fc000-90400000 ---p 00000000 00:00 0 
90400000-904ff000 rw-p 00000000 00:00 0 
904ff000-90500000 ---p 00000000 00:00 0 
90503000-90504000 r--s 00000000 08:01 151755     /var/cache/fontconfig/c05880de57d1f5e948fdfacc138775d9-le32d4.cache-3
90504000-9050a000 r--s 00000000 08:01 151752     /var/cache/fontconfig/945677eb7aeaf62f1d50efc3fb3ec7d8-le32d4.cache-3
9050a000-9050c000 r--s 00000000 08:01 151753     /var/cache/fontconfig/99e8ed0e538f840c565b6ed5dad60d56-le32d4.cache-3
9050c000-9050f000 r--s 00000000 08:01 151762     /var/cache/fontconfig/e383d7ea5fbe662a33d9b44caf393297-le32d4.cache-3
9050f000-90512000 r--s 00000000 08:01 151297     /var/cache/fontconfig/2cd17615ca594fa2959ae173292e504c-le32d4.cache-3
90512000-90513000 r--s 00000000 08:01 151763     /var/cache/fontconfig/e7071f4a29fa870f4323321c154eba04-le32d4.cache-3
90513000-90516000 r--s 00000000 08:01 151749     /var/cache/fontconfig/6eb3985aa4124903f6ff08ba781cd364-le32d4.cache-3
90516000-90517000 r--s 00000000 08:01 151745     /var/cache/fontconfig/4c73fe0c47614734b17d736dbde7580a-le32d4.cache-3
90517000-90518000 r--s 00000000 08:01 151738     /var/cache/fontconfig/0d8c3b2ac0904cb8a57a757ad11a4a08-le32d4.cache-3
90518000-90519000 r--s 00000000 08:01 151747     /var/cache/fontconfig/6a53c69dea097a2d716e069445527da8-le32d4.cache-3
90519000-9051d000 r--s 00000000 08:01 151754     /var/cache/fontconfig/a755afe4a08bf5b97852ceb7400b47bc-le32d4.cache-3
9051d000-90524000 r--s 00000000 08:01 167889     /var/cache/fontconfig/6d41288fd70b0be22e8c3a91e032eec0-le32d4.cache-3
90524000-9052f000 r--s 00000000 08:01 151739     /var/cache/fontconfig/0f34bcd4b6ee430af32735b75db7f02b-le32d4.cache-3
9052f000-90532000 r--s 00000000 08:01 151759     /var/cache/fontconfig/d60319d88cac85ba9e1a07bd06cfbb8c-le32d4.cache-3
90532000-90533000 r--s 00000000 08:01 151296     /var/cache/fontconfig/4794a0821666d79190d59a36cb4f44b5-le32d4.cache-3
90533000-9053b000 r--s 00000000 08:01 151758     /var/cache/fontconfig/d52a8644073d54c13679302ca1180695-le32d4.cache-3
9053b000-9053d000 r--s 00000000 08:01 151286     /var/cache/fontconfig/e13b20fdb08344e0e664864cc2ede53d-le32d4.cache-3
9053d000-90540000 r--s 00000000 08:01 151751     /var/cache/fontconfig/7ef2298fde41cc6eeb7af42e48b7d293-le32d4.cache-3
90540000-90541000 r--s 00000000 08:01 151755     /var/cache/fontconfig/c05880de57d1f5e948fdfacc138775d9-le32d4.cache-3
90541000-90547000 r--s 00000000 08:01 151752     /var/cache/fontconfig/945677eb7aeaf62f1d50efc3fb3ec7d8-le32d4.cache-3
90547000-90549000 r--s 00000000 08:01 151753     /var/cache/fontconfig/99e8ed0e538f840c565b6ed5dad60d56-le32d4.cache-3
90549000-9054c000 r--s 00000000 08:01 151762     /var/cache/fontconfig/e383d7ea5fbe662a33d9b44caf393297-le32d4.cache-3
9054c000-9054f000 r--s 00000000 08:01 151297     /var/cache/fontconfig/2cd17615ca594fa2959ae173292e504c-le32d4.cache-3
9054f000-90550000 r--s 00000000 08:01 151763     /var/cache/fontconfig/e7071f4a29fa870f4323321c154eba04-le32d4.cache-3
90550000-90553000 r--s 00000000 08:01 151749     /var/cache/fontconfig/6eb3985aa4124903f6ff08ba781cd364-le32d4.cache-3
90553000-90557000 r--s 00000000 08:01 151754     /var/cache/fontconfig/a755afe4a08bf5b97852ceb7400b47bc-le32d4.cache-3
90557000-9055e000 r--s 00000000 08:01 167889     /var/cache/fontconfig/6d41288fd70b0be22e8c3a91e032eec0-le32d4.cache-3
9055e000-90561000 ---p 00000000 00:00 0 
90561000-905af000 rw-p 00000000 00:00 0 
905af000-905b2000 ---p 00000000 00:00 0 
905b2000-90600000 rw-p 00000000 00:00 0 
90600000-906fc000 rw-p 00000000 00:00 0 
906fc000-90700000 ---p 00000000 00:00 0 
90700000-9070b000 r--s 00000000 08:01 151739     /var/cache/fontconfig/0f34bcd4b6ee430af32735b75db7f02b-le32d4.cache-3
9070b000-9070e000 r--s 00000000 08:01 151759     /var/cache/fontconfig/d60319d88cac85ba9e1a07bd06cfbb8c-le32d4.cache-3
9070e000-90716000 r--s 00000000 08:01 151758     /var/cache/fontconfig/d52a8644073d54c13679302ca1180695-le32d4.cache-3
90716000-90718000 r--s 00000000 08:01 151286     /var/cache/fontconfig/e13b20fdb08344e0e664864cc2ede53d-le32d4.cache-3
90718000-9071b000 r--s 00000000 08:01 151751     /var/cache/fontconfig/7ef2298fde41cc6eeb7af42e48b7d293-le32d4.cache-3
9071b000-9071e000 ---p 00000000 00:00 0 
9071e000-9076c000 rw-p 00000000 00:00 0 
9076c000-907bc000 r--s 003de000 08:01 166544     /home/anthony/workspace/ODA/war/WEB-INF/lib/gwt-servlet.jar
907bc000-907bf000 ---p 00000000 00:00 0 
907bf000-9080d000 rw-p 00000000 00:00 0 
9080d000-90810000 ---p 00000000 00:00 0 
90810000-9085e000 rw-p 00000000 00:00 0 
9085e000-90861000 ---p 00000000 00:00 0 
90861000-908af000 rw-p 00000000 00:00 0 
908af000-908b2000 ---p 00000000 00:00 0 
908b2000-90900000 rw-p 00000000 00:00 0 
90900000-909fa000 rw-p 00000000 00:00 0 
909fa000-90a00000 ---p 00000000 00:00 0 
90a00000-90a01000 r--s 00000000 08:01 151745     /var/cache/fontconfig/4c73fe0c47614734b17d736dbde7580a-le32d4.cache-3
90a01000-90a02000 r--s 00000000 08:01 151738     /var/cache/fontconfig/0d8c3b2ac0904cb8a57a757ad11a4a08-le32d4.cache-3
90a02000-90a04000 r--s 00013000 08:01 281001     /usr/lib/jvm/java-6-openjdk/jre/lib/jce.jar
90a04000-90a08000 r--s 0007c000 08:01 280998     /usr/lib/jvm/java-6-openjdk/jre/lib/jsse.jar
90a08000-90a0e000 r--s 000fc000 08:01 281040     /usr/lib/jvm/java-6-openjdk/jre/lib/resources.jar
90a0e000-90a11000 ---p 00000000 00:00 0 
90a11000-90a5f000 rw-p 00000000 00:00 0 
90a5f000-90a62000 ---p 00000000 00:00 0 
90a62000-90ab0000 rw-p 00000000 00:00 0 
90ab0000-90ab2000 r--s 00001000 08:01 281029     /usr/lib/jvm/java-6-openjdk/jre/lib/ext/dnsns.jar
90ab2000-90ab5000 r--s 00031000 08:01 281028     /usr/lib/jvm/java-6-openjdk/jre/lib/ext/sunjce_provider.jar
90ab5000-90ab8000 r--s 00038000 08:01 281026     /usr/lib/jvm/java-6-openjdk/jre/lib/ext/sunpkcs11.jar
90ab8000-90abb000 r--s 00077000 08:01 281027     /usr/lib/jvm/java-6-openjdk/jre/lib/ext/localedata.jar
90abb000-90abe000 ---p 00000000 00:00 0 
90abe000-90b0c000 rw-p 00000000 00:00 0 
90b0c000-90b0f000 ---p 00000000 00:00 0 
90b0f000-90b5d000 rw-p 00000000 00:00 0 
90b5d000-90b60000 ---p 00000000 00:00 0 
90b60000-90bdc000 rw-p 00000000 00:00 0 
90bdc000-90d4a000 r--s 01932000 08:01 49492      /home/anthony/.eclipse/org.eclipse.platform_3.5.0_155965261/plugins/com.google.gwt.eclipse.sdkbundle.2.2.0_2.2.0.v201102111810/gwt-2.2.0/gwt-dev.jar
90d4a000-90e00000 r--s 0097b000 08:01 49498      /home/anthony/.eclipse/org.eclipse.platform_3.5.0_155965261/plugins/com.google.gwt.eclipse.sdkbundle.2.2.0_2.2.0.v201102111810/gwt-2.2.0/gwt-user.jar
90e00000-90e01000 ---p 00000000 00:00 0 
90e01000-90e81000 rw-p 00000000 00:00 0 
90e81000-90e84000 ---p 00000000 00:00 0 
90e84000-90ed2000 rw-p 00000000 00:00 0 
90ed2000-90ed5000 ---p 00000000 00:00 0 
90ed5000-90f53000 rw-p 00000000 00:00 0 
90f53000-90f56000 ---p 00000000 00:00 0 
90f56000-90fa4000 rw-p 00000000 00:00 0 
90fa4000-90fa7000 ---p 00000000 00:00 0 
90fa7000-90ff5000 rw-p 00000000 00:00 0 
90ff5000-90ff8000 ---p 00000000 00:00 0 
90ff8000-91046000 rw-p 00000000 00:00 0 
91046000-91049000 ---p 00000000 00:00 0 
91049000-91097000 rw-p 00000000 00:00 0 
91097000-9109a000 ---p 00000000 00:00 0 
9109a000-910e8000 rw-p 00000000 00:00 0 
910e8000-910eb000 ---p 00000000 00:00 0 
910eb000-91139000 rw-p 00000000 00:00 0 
91139000-9113a000 ---p 00000000 00:00 0 
9113a000-911ba000 rw-p 00000000 00:00 0 
911ba000-911bc000 r--s 0001d000 08:01 281003     /usr/lib/jvm/java-6-openjdk/jre/lib/plugin.jar
911bc000-911c1000 r--s 00044000 08:01 281007     /usr/lib/jvm/java-6-openjdk/jre/lib/netx.jar
911c1000-911f4000 rw-p 00000000 00:00 0 
911f4000-91383000 r--s 038c2000 08:01 306370     /usr/lib/jvm/java-6-openjdk/jre/lib/rt.jar
91383000-9138f000 rw-p 00000000 00:00 0 
9138f000-913a4000 rw-p 00000000 00:00 0 
913a4000-913cd000 rw-p 00000000 00:00 0 
913cd000-913d1000 ---p 00000000 00:00 0 
913d1000-9144f000 rw-p 00000000 00:00 0 
9144f000-91464000 rw-p 00000000 00:00 0 
91464000-914a4000 rw-p 00000000 00:00 0 
914a4000-914cd000 rw-p 00000000 00:00 0 
914cd000-914d1000 ---p 00000000 00:00 0 
914d1000-9154f000 rw-p 00000000 00:00 0 
9154f000-9155b000 rw-p 00000000 00:00 0 
9155b000-9156f000 rw-p 00000000 00:00 0 
9156f000-93dd0000 rw-p 00000000 00:00 0 
93dd0000-9c010000 rw-p 00000000 00:00 0 
9c010000-a10c3000 rw-p 00000000 00:00 0 
a10c3000-a1963000 ---p 00000000 00:00 0 
a1963000-b1570000 rw-p 00000000 00:00 0 
b1570000-b2c30000 rw-p 00000000 00:00 0 
b2c30000-b5570000 rw-p 00000000 00:00 0 
b5570000-b5578000 r--s 00066000 08:01 395248     /usr/share/java/gnome-java-bridge.jar
b5578000-b557b000 r--s 0000f000 08:01 281031     /usr/lib/jvm/java-6-openjdk/jre/lib/ext/pulse-java.jar
b557b000-b559a000 rw-p 00000000 00:00 0 
b559a000-b55fb000 rw-p 00000000 00:00 0 
b55fb000-b5dab000 rwxp 00000000 00:00 0 
b5dab000-b75fb000 rw-p 00000000 00:00 0 
b75fb000-b77fb000 r--p 00000000 08:01 264411     /usr/lib/locale/locale-archive
b77fb000-b77fe000 ---p 00000000 00:00 0 
b77fe000-b784f000 rw-p 00000000 00:00 0 
b784f000-b7850000 r--s 00000000 08:01 151747     /var/cache/fontconfig/6a53c69dea097a2d716e069445527da8-le32d4.cache-3
b7850000-b7851000 r--s 00000000 08:01 151296     /var/cache/fontconfig/4794a0821666d79190d59a36cb4f44b5-le32d4.cache-3
b7851000-b7859000 rw-s 00000000 08:01 164124     /tmp/hsperfdata_anthony/21282
b7859000-b785a000 r--p 002a1000 08:01 264411     /usr/lib/locale/locale-archive
b785a000-b785b000 rw-p 00000000 00:00 0 
b785b000-b785c000 r--p 00000000 00:00 0 
b785c000-b785e000 rw-p 00000000 00:00 0 
bf89f000-bf8c0000 rw-p 00000000 00:00 0          [stack]

VM Arguments:
jvm_args: -agentlib:jdwp=transport=dt_socket,suspend=y,address=localhost:43318 -Xmx512m -Dfile.encoding=UTF-8 
java_command: com.google.gwt.dev.DevMode -remoteUI 45531:135596050651924 -startupUrl ODA.html -logLevel INFO -codeServerPort 9997 -port 8888 -war /home/anthony/workspace/ODA/war com.reverbin.ODA.ODA
Launcher Type: SUN_STANDARD

Environment Variables:
PATH=/usr/local/sbin:/usr/local/bin:/usr/sbin:/usr/bin:/sbin:/bin:/usr/games
USERNAME=anthony
LD_LIBRARY_PATH=/usr/lib/jvm/java-6-openjdk/jre/lib/i386/client:/usr/lib/jvm/java-6-openjdk/jre/lib/i386:/usr/lib/jvm/java-6-openjdk/jre/../lib/i386:/usr/lib/jvm/java-6-openjdk/jre/lib/i386/client:/usr/lib/jvm/java-6-openjdk/jre/lib/i386:/usr/lib/xulrunner-1.9.2.15:/usr/lib/xulrunner-1.9.2.15
SHELL=/bin/bash
DISPLAY=:0.0

Signal Handlers:
SIGSEGV: [libjvm.so+0x3ea1b0], sa_mask[0]=0x7ffbfeff, sa_flags=0x10000004
SIGBUS: [libjvm.so+0x3ea1b0], sa_mask[0]=0x7ffbfeff, sa_flags=0x10000004
SIGFPE: [libjvm.so+0x30d250], sa_mask[0]=0x7ffbfeff, sa_flags=0x10000004
SIGPIPE: SIG_IGN, sa_mask[0]=0x00000000, sa_flags=0x00000000
SIGXFSZ: [libjvm.so+0x30d250], sa_mask[0]=0x7ffbfeff, sa_flags=0x10000004
SIGILL: [libjvm.so+0x30d250], sa_mask[0]=0x7ffbfeff, sa_flags=0x10000004
SIGUSR1: SIG_DFL, sa_mask[0]=0x00000000, sa_flags=0x00000000
SIGUSR2: [libjvm.so+0x30c900], sa_mask[0]=0x00000004, sa_flags=0x10000004
SIGHUP: [libjvm.so+0x30f470], sa_mask[0]=0x7ffbfeff, sa_flags=0x10000004
SIGINT: [libjvm.so+0x30f470], sa_mask[0]=0x7ffbfeff, sa_flags=0x10000004
SIGTERM: [libjvm.so+0x30f470], sa_mask[0]=0x7ffbfeff, sa_flags=0x10000004
SIGQUIT: [libjvm.so+0x30f470], sa_mask[0]=0x7ffbfeff, sa_flags=0x10000004


---------------  S Y S T E M  ---------------

OS:Ubuntu 10.10 (maverick)
uname:Linux 2.6.35-27-generic #48-Ubuntu SMP Tue Feb 22 20:25:29 UTC 2011 i686
libc:glibc 2.12.1 NPTL 2.12.1 
rlimit: STACK 8192k, CORE 0k, NPROC infinity, NOFILE 1024, AS infinity
load average:0.08 0.42 0.37

/proc/meminfo:
MemTotal:        1025700 kB
MemFree:           14028 kB
Buffers:            1032 kB
Cached:            42852 kB
SwapCached:        52220 kB
Active:           482408 kB
Inactive:         485764 kB
Active(anon):     466212 kB
Inactive(anon):   470008 kB
Active(file):      16196 kB
Inactive(file):    15756 kB
Unevictable:          32 kB
Mlocked:              32 kB
HighTotal:        139208 kB
HighFree:            260 kB
LowTotal:         886492 kB
LowFree:           13768 kB
SwapTotal:        407548 kB
SwapFree:              4 kB
Dirty:                92 kB
Writeback:             0 kB
AnonPages:        872512 kB
Mapped:            24996 kB
Shmem:             11876 kB
Slab:              20080 kB
SReclaimable:       8996 kB
SUnreclaim:        11084 kB
KernelStack:        3640 kB
PageTables:        10076 kB
NFS_Unstable:          0 kB
Bounce:                0 kB
WritebackTmp:          0 kB
CommitLimit:      920396 kB
Committed_AS:    3489264 kB
VmallocTotal:     122880 kB
VmallocUsed:       26620 kB
VmallocChunk:      91408 kB
HardwareCorrupted:     0 kB
HugePages_Total:       0
HugePages_Free:        0
HugePages_Rsvd:        0
HugePages_Surp:        0
Hugepagesize:       4096 kB
DirectMap4k:       12280 kB
DirectMap4M:      897024 kB


CPU:total 1 (1 cores per cpu, 1 threads per core) family 6 model 30 stepping 5, cmov, cx8, fxsr, mmx, sse, sse2, sse3, ssse3

Memory: 4k page, physical 1025700k(14028k free), swap 407548k(4k free)

vm_info: OpenJDK Client VM (19.0-b09) for linux-x86 JRE (1.6.0_20-b20), built on Feb 23 2011 09:10:41 by "buildd" with gcc 4.4.5

time: Sat Mar 26 14:33:33 2011
elapsed time: 455 seconds

